-------------------------------------------------------------------------------
Test set: MainRunner.TestRunner
-------------------------------------------------------------------------------
Tests run: 2, Failures: 0, Errors: 2, Skipped: 0, Time elapsed: 1.258 sec <<< FAILURE!
Open Browser and(fgfgn TEst Guru99)  Time elapsed: 0.143 sec  <<< ERROR!
io.cucumber.junit.UndefinedStepException: The step 'Chrome Browser is open Navigate to Url:"http://demo.guru99.com/"' and 3 other step(s) are undefined.
You can implement these steps using the snippet(s) below:

@Given("Chrome Browser is open Navigate to Url:{string}")
public void chrome_browser_is_open_navigate_to_url(String string) {
    // Write code here that turns the phrase above into concrete actions
    throw new io.cucumber.java.PendingException();
}
@When("Click on Telecom header")
public void click_on_telecom_header() {
    // Write code here that turns the phrase above into concrete actions
    throw new io.cucumber.java.PendingException();
}
@Then("Click Add Members")
public void click_add_members() {
    // Write code here that turns the phrase above into concrete actions
    throw new io.cucumber.java.PendingException();
}
@Given("Client details Name :{string}, Surname :{string} , Email :{string} and Address:{string}.")
public void client_details_name_surname_email_and_address(String string, String string2, String string3, String string4) {
    // Write code here that turns the phrase above into concrete actions
    throw new io.cucumber.java.PendingException();
}


Validate google searh is working(Features to test google search)  Time elapsed: 0.02 sec  <<< ERROR!
io.cucumber.junit.UndefinedStepException: The step 'Browser is open' and 4 other step(s) are undefined.
You can implement these steps using the snippet(s) below:

@Given("Browser is open")
public void browser_is_open() {
    // Write code here that turns the phrase above into concrete actions
    throw new io.cucumber.java.PendingException();
}
@Given("User is on google search box")
public void user_is_on_google_search_box() {
    // Write code here that turns the phrase above into concrete actions
    throw new io.cucumber.java.PendingException();
}
@When("User enters text a text search box")
public void user_enters_text_a_text_search_box() {
    // Write code here that turns the phrase above into concrete actions
    throw new io.cucumber.java.PendingException();
}
@When("Hits enter")
public void hits_enter() {
    // Write code here that turns the phrase above into concrete actions
    throw new io.cucumber.java.PendingException();
}
@Then("User is navigated to search results")
public void user_is_navigated_to_search_results() {
    // Write code here that turns the phrase above into concrete actions
    throw new io.cucumber.java.PendingException();
}


