<?xml version="1.0" encoding="UTF-8" ?>
<testsuite tests="2" failures="0" name="MainRunner.TestRunner" time="0.163" errors="2" skipped="0">
  <properties>
[...]
</properties>
  <testcase classname="fgfgn TEst Guru99" name="Open Browser and" time="0.143">
    <error message="The step &apos;Chrome Browser is open Navigate to Url:&quot;http://demo.guru99.com/&quot;&apos; and 3 other step(s) are undefined.
You can implement these steps using the snippet(s) below:

@Given(&quot;Chrome Browser is open Navigate to Url:{string}&quot;)
public void chrome_browser_is_open_navigate_to_url(String string) {
    // Write code here that turns the phrase above into concrete actions
    throw new io.cucumber.java.PendingException();
}
@When(&quot;Click on Telecom header&quot;)
public void click_on_telecom_header() {
    // Write code here that turns the phrase above into concrete actions
    throw new io.cucumber.java.PendingException();
}
@Then(&quot;Click Add Members&quot;)
public void click_add_members() {
    // Write code here that turns the phrase above into concrete actions
    throw new io.cucumber.java.PendingException();
}
@Given(&quot;Client details Name :{string}, Surname :{string} , Email :{string} and Address:{string}.&quot;)
public void client_details_name_surname_email_and_address(String string, String string2, String string3, String string4) {
    // Write code here that turns the phrase above into concrete actions
    throw new io.cucumber.java.PendingException();
}
" type="io.cucumber.junit.UndefinedStepException">io.cucumber.junit.UndefinedStepException: The step &apos;Chrome Browser is open Navigate to Url:&quot;http://demo.guru99.com/&quot;&apos; and 3 other step(s) are undefined.
You can implement these steps using the snippet(s) below:

@Given(&quot;Chrome Browser is open Navigate to Url:{string}&quot;)
public void chrome_browser_is_open_navigate_to_url(String string) {
    // Write code here that turns the phrase above into concrete actions
    throw new io.cucumber.java.PendingException();
}
@When(&quot;Click on Telecom header&quot;)
public void click_on_telecom_header() {
    // Write code here that turns the phrase above into concrete actions
    throw new io.cucumber.java.PendingException();
}
@Then(&quot;Click Add Members&quot;)
public void click_add_members() {
    // Write code here that turns the phrase above into concrete actions
    throw new io.cucumber.java.PendingException();
}
@Given(&quot;Client details Name :{string}, Surname :{string} , Email :{string} and Address:{string}.&quot;)
public void client_details_name_surname_email_and_address(String string, String string2, String string3, String string4) {
    // Write code here that turns the phrase above into concrete actions
    throw new io.cucumber.java.PendingException();
}

</error>
    <system-out>
@SmokeTest
Scenario: Open Browser and                                                                                     &amp;#27;[90m# src/test/resources/Features/AddCustomerFeature.feature:3&amp;#27;[0m
  &amp;#27;[33mGiven &amp;#27;[0m&amp;#27;[33mChrome Browser is open Navigate to Url:&quot;http://demo.guru99.com/&quot;&amp;#27;[0m
  &amp;#27;[36mWhen &amp;#27;[0m&amp;#27;[36mClick on Telecom header&amp;#27;[0m
  &amp;#27;[36mThen &amp;#27;[0m&amp;#27;[36mClick Add Members&amp;#27;[0m
  &amp;#27;[36mGiven &amp;#27;[0m&amp;#27;[36mClient details Name :&quot;Test&quot;, Surname :&quot;Test&quot; , Email :&quot;test@gmail.com&quot; and Address:&quot;3554 1 Line test&quot;.&amp;#27;[0m
</system-out>
  </testcase>
  <testcase classname="Features to test google search" name="Validate google searh is working" time="0.02">
    <error message="The step &apos;Browser is open&apos; and 4 other step(s) are undefined.
You can implement these steps using the snippet(s) below:

@Given(&quot;Browser is open&quot;)
public void browser_is_open() {
    // Write code here that turns the phrase above into concrete actions
    throw new io.cucumber.java.PendingException();
}
@Given(&quot;User is on google search box&quot;)
public void user_is_on_google_search_box() {
    // Write code here that turns the phrase above into concrete actions
    throw new io.cucumber.java.PendingException();
}
@When(&quot;User enters text a text search box&quot;)
public void user_enters_text_a_text_search_box() {
    // Write code here that turns the phrase above into concrete actions
    throw new io.cucumber.java.PendingException();
}
@When(&quot;Hits enter&quot;)
public void hits_enter() {
    // Write code here that turns the phrase above into concrete actions
    throw new io.cucumber.java.PendingException();
}
@Then(&quot;User is navigated to search results&quot;)
public void user_is_navigated_to_search_results() {
    // Write code here that turns the phrase above into concrete actions
    throw new io.cucumber.java.PendingException();
}
" type="io.cucumber.junit.UndefinedStepException">io.cucumber.junit.UndefinedStepException: The step &apos;Browser is open&apos; and 4 other step(s) are undefined.
You can implement these steps using the snippet(s) below:

@Given(&quot;Browser is open&quot;)
public void browser_is_open() {
    // Write code here that turns the phrase above into concrete actions
    throw new io.cucumber.java.PendingException();
}
@Given(&quot;User is on google search box&quot;)
public void user_is_on_google_search_box() {
    // Write code here that turns the phrase above into concrete actions
    throw new io.cucumber.java.PendingException();
}
@When(&quot;User enters text a text search box&quot;)
public void user_enters_text_a_text_search_box() {
    // Write code here that turns the phrase above into concrete actions
    throw new io.cucumber.java.PendingException();
}
@When(&quot;Hits enter&quot;)
public void hits_enter() {
    // Write code here that turns the phrase above into concrete actions
    throw new io.cucumber.java.PendingException();
}
@Then(&quot;User is navigated to search results&quot;)
public void user_is_navigated_to_search_results() {
    // Write code here that turns the phrase above into concrete actions
    throw new io.cucumber.java.PendingException();
}

</error>
    <system-out>
Scenario: Validate google searh is working &amp;#27;[90m# src/test/resources/Features/GoogleSearch.feature:3&amp;#27;[0m
  &amp;#27;[33mGiven &amp;#27;[0m&amp;#27;[33mBrowser is open&amp;#27;[0m
  &amp;#27;[36mAnd &amp;#27;[0m&amp;#27;[36mUser is on google search box&amp;#27;[0m
  &amp;#27;[36mWhen &amp;#27;[0m&amp;#27;[36mUser enters text a text search box&amp;#27;[0m
  &amp;#27;[36mAnd &amp;#27;[0m&amp;#27;[36mHits enter&amp;#27;[0m
  &amp;#27;[36mThen &amp;#27;[0m&amp;#27;[36mUser is navigated to search results&amp;#27;[0m
</system-out>
  </testcase>
</testsuite>