<?xml version="1.0" encoding="UTF-8" ?>
<testsuite tests="2" failures="0" name="MainRunner.TestRunner" time="3.996" errors="2" skipped="0">
  <properties>
[...]
</properties>
  <testcase classname="fgfgn TEst Guru99" name="Open Browser and DO something" time="3.976">
    <error message="Could not start a new session. Response code 500. Message: session not created: This version of ChromeDriver only supports Chrome version 93
Current browser version is 101.0.4951.54 with binary path C:\Program Files (x86)\Google\Chrome\Application\chrome.exe
Build info: version: &apos;4.1.2&apos;, revision: &apos;9a5a329c5a&apos;
System info: host: &apos;AGPL4CLND5177&apos;, ip: &apos;10.201.18.57&apos;, os.name: &apos;Windows 10&apos;, os.arch: &apos;amd64&apos;, os.version: &apos;10.0&apos;, java.version: &apos;12.0.1&apos;
Driver info: org.openqa.selenium.chrome.ChromeDriver
Command: [null, newSession {capabilities=[Capabilities {browserName: chrome, goog:chromeOptions: {args: [], extensions: []}}], desiredCapabilities=Capabilities {browserName: chrome, goog:chromeOptions: {args: [], extensions: []}}}]" type="org.openqa.selenium.SessionNotCreatedException">org.openqa.selenium.SessionNotCreatedException: Could not start a new session. Response code 500. Message: session not created: This version of ChromeDriver only supports Chrome version 93
Current browser version is 101.0.4951.54 with binary path C:\Program Files (x86)\Google\Chrome\Application\chrome.exe
Build info: version: &apos;4.1.2&apos;, revision: &apos;9a5a329c5a&apos;
System info: host: &apos;AGPL4CLND5177&apos;, ip: &apos;10.201.18.57&apos;, os.name: &apos;Windows 10&apos;, os.arch: &apos;amd64&apos;, os.version: &apos;10.0&apos;, java.version: &apos;12.0.1&apos;
Driver info: org.openqa.selenium.chrome.ChromeDriver
Command: [null, newSession {capabilities=[Capabilities {browserName: chrome, goog:chromeOptions: {args: [], extensions: []}}], desiredCapabilities=Capabilities {browserName: chrome, goog:chromeOptions: {args: [], extensions: []}}}]
	at org.openqa.selenium.remote.ProtocolHandshake.createSession(ProtocolHandshake.java:126)
	at org.openqa.selenium.remote.ProtocolHandshake.createSession(ProtocolHandshake.java:84)
	at org.openqa.selenium.remote.ProtocolHandshake.createSession(ProtocolHandshake.java:62)
	at org.openqa.selenium.remote.HttpCommandExecutor.execute(HttpCommandExecutor.java:156)
	at org.openqa.selenium.remote.service.DriverCommandExecutor.invokeExecute(DriverCommandExecutor.java:167)
	at org.openqa.selenium.remote.service.DriverCommandExecutor.execute(DriverCommandExecutor.java:142)
	at org.openqa.selenium.remote.RemoteWebDriver.execute(RemoteWebDriver.java:558)
	at org.openqa.selenium.remote.RemoteWebDriver.startSession(RemoteWebDriver.java:245)
	at org.openqa.selenium.remote.RemoteWebDriver.&lt;init&gt;(RemoteWebDriver.java:161)
	at org.openqa.selenium.chromium.ChromiumDriver.&lt;init&gt;(ChromiumDriver.java:108)
	at org.openqa.selenium.chrome.ChromeDriver.&lt;init&gt;(ChromeDriver.java:106)
	at org.openqa.selenium.chrome.ChromeDriver.&lt;init&gt;(ChromeDriver.java:93)
	at org.openqa.selenium.chrome.ChromeDriver.&lt;init&gt;(ChromeDriver.java:48)
	at StepDefination.SeleniumSteps.NavigateToUrl(StepDef.java:105)
	at StepDefination.StepDef.chrome_browser_is_open_navigate_to_url(StepDef.java:33)
	at ✽.Chrome Browser is open Navigate to Url:&quot;http://demo.guru99.com/&quot;(file:///C:/Users/ND5177/Desktop/TestFree/demo/src/test/resources/Features/AddCustomerFeature.feature:4)
</error>
    <system-out>
@SmokeTest
Scenario: Open Browser and DO something                                                                        &amp;#27;[90m# src/test/resources/Features/AddCustomerFeature.feature:3&amp;#27;[0m
Test Cucumber test1
  &amp;#27;[31mGiven &amp;#27;[0m&amp;#27;[31mChrome Browser is open Navigate to Url:&amp;#27;[0m&amp;#27;[31m&amp;#27;[1m&quot;http://demo.guru99.com/&quot;&amp;#27;[0m                                       &amp;#27;[90m# StepDefination.StepDef.chrome_browser_is_open_navigate_to_url(java.lang.String)&amp;#27;[0m
      &amp;#27;[31morg.openqa.selenium.SessionNotCreatedException: Could not start a new session. Response code 500. Message: session not created: This version of ChromeDriver only supports Chrome version 93
Current browser version is 101.0.4951.54 with binary path C:\Program Files (x86)\Google\Chrome\Application\chrome.exe
Build info: version: &apos;4.1.2&apos;, revision: &apos;9a5a329c5a&apos;
System info: host: &apos;AGPL4CLND5177&apos;, ip: &apos;10.201.18.57&apos;, os.name: &apos;Windows 10&apos;, os.arch: &apos;amd64&apos;, os.version: &apos;10.0&apos;, java.version: &apos;12.0.1&apos;
Driver info: org.openqa.selenium.chrome.ChromeDriver
Command: [null, newSession {capabilities=[Capabilities {browserName: chrome, goog:chromeOptions: {args: [], extensions: []}}], desiredCapabilities=Capabilities {browserName: chrome, goog:chromeOptions: {args: [], extensions: []}}}]
	at org.openqa.selenium.remote.ProtocolHandshake.createSession(ProtocolHandshake.java:126)
	at org.openqa.selenium.remote.ProtocolHandshake.createSession(ProtocolHandshake.java:84)
	at org.openqa.selenium.remote.ProtocolHandshake.createSession(ProtocolHandshake.java:62)
	at org.openqa.selenium.remote.HttpCommandExecutor.execute(HttpCommandExecutor.java:156)
	at org.openqa.selenium.remote.service.DriverCommandExecutor.invokeExecute(DriverCommandExecutor.java:167)
	at org.openqa.selenium.remote.service.DriverCommandExecutor.execute(DriverCommandExecutor.java:142)
	at org.openqa.selenium.remote.RemoteWebDriver.execute(RemoteWebDriver.java:558)
	at org.openqa.selenium.remote.RemoteWebDriver.startSession(RemoteWebDriver.java:245)
	at org.openqa.selenium.remote.RemoteWebDriver.&lt;init&gt;(RemoteWebDriver.java:161)
	at org.openqa.selenium.chromium.ChromiumDriver.&lt;init&gt;(ChromiumDriver.java:108)
	at org.openqa.selenium.chrome.ChromeDriver.&lt;init&gt;(ChromeDriver.java:106)
	at org.openqa.selenium.chrome.ChromeDriver.&lt;init&gt;(ChromeDriver.java:93)
	at org.openqa.selenium.chrome.ChromeDriver.&lt;init&gt;(ChromeDriver.java:48)
	at StepDefination.SeleniumSteps.NavigateToUrl(StepDef.java:105)
	at StepDefination.StepDef.chrome_browser_is_open_navigate_to_url(StepDef.java:33)
	at âœ½.Chrome Browser is open Navigate to Url:&quot;http://demo.guru99.com/&quot;(file:///C:/Users/ND5177/Desktop/TestFree/demo/src/test/resources/Features/AddCustomerFeature.feature:4)
&amp;#27;[0m
  &amp;#27;[36mWhen &amp;#27;[0m&amp;#27;[36mClick on Telecom header&amp;#27;[0m                                                                                 &amp;#27;[90m# StepDefination.StepDef.click_on_telecom_header()&amp;#27;[0m
  &amp;#27;[36mThen &amp;#27;[0m&amp;#27;[36mClick Add Members&amp;#27;[0m                                                                                       &amp;#27;[90m# StepDefination.StepDef.click_add_members()&amp;#27;[0m
  &amp;#27;[36mGiven &amp;#27;[0m&amp;#27;[36mClient details Name :&amp;#27;[0m&amp;#27;[36m&amp;#27;[1m&quot;Test&quot;&amp;#27;[0m&amp;#27;[36m, Surname :&amp;#27;[0m&amp;#27;[36m&amp;#27;[1m&quot;Test&quot;&amp;#27;[0m&amp;#27;[36m , Email :&amp;#27;[0m&amp;#27;[36m&amp;#27;[1m&quot;test@gmail.com&quot;&amp;#27;[0m&amp;#27;[36m and Address:&amp;#27;[0m&amp;#27;[36m&amp;#27;[1m&quot;3554 1 Line test&quot;&amp;#27;[0m&amp;#27;[36m.&amp;#27;[0m &amp;#27;[90m# StepDefination.StepDef.client_details_name_surname_email_and_address(java.lang.String,java.lang.String,java.lang.String,java.lang.String)&amp;#27;[0m
</system-out>
    <system-err>SLF4J: Failed to load class &quot;org.slf4j.impl.StaticLoggerBinder&quot;.
SLF4J: Defaulting to no-operation (NOP) logger implementation
SLF4J: See http://www.slf4j.org/codes.html#StaticLoggerBinder for further details.
Starting ChromeDriver 93.0.4577.15 (660fc11082ba57405eca2e8c49c3e1af756fbfae-refs/branch-heads/4577@{#203}) on port 60980
Only local connections are allowed.
Please see https://chromedriver.chromium.org/security-considerations for suggestions on keeping ChromeDriver safe.
ChromeDriver was started successfully.
</system-err>
  </testcase>
  <testcase classname="Features to test google search" name="Validate google searh is working" time="0.02">
    <error message="TODO: implement me" type="io.cucumber.java.PendingException">io.cucumber.java.PendingException: TODO: implement me
	at StepDefination.StepDef.browser_is_open(StepDef.java:62)
	at ✽.Browser is open(file:///C:/Users/ND5177/Desktop/TestFree/demo/src/test/resources/Features/GoogleSearch.feature:4)
</error>
    <system-out>
Scenario: Validate google searh is working &amp;#27;[90m# src/test/resources/Features/GoogleSearch.feature:3&amp;#27;[0m
  &amp;#27;[33mGiven &amp;#27;[0m&amp;#27;[33mBrowser is open&amp;#27;[0m                    &amp;#27;[90m# StepDefination.StepDef.browser_is_open()&amp;#27;[0m
      &amp;#27;[33mio.cucumber.java.PendingException: TODO: implement me
	at StepDefination.StepDef.browser_is_open(StepDef.java:62)
	at âœ½.Browser is open(file:///C:/Users/ND5177/Desktop/TestFree/demo/src/test/resources/Features/GoogleSearch.feature:4)
&amp;#27;[0m
  &amp;#27;[36mAnd &amp;#27;[0m&amp;#27;[36mUser is on google search box&amp;#27;[0m         &amp;#27;[90m# StepDefination.StepDef.user_is_on_google_search_box()&amp;#27;[0m
  &amp;#27;[36mWhen &amp;#27;[0m&amp;#27;[36mUser enters text a text search box&amp;#27;[0m  &amp;#27;[90m# StepDefination.StepDef.user_enters_text_a_text_search_box()&amp;#27;[0m
  &amp;#27;[36mAnd &amp;#27;[0m&amp;#27;[36mHits enter&amp;#27;[0m                           &amp;#27;[90m# StepDefination.StepDef.hits_enter()&amp;#27;[0m
  &amp;#27;[36mThen &amp;#27;[0m&amp;#27;[36mUser is navigated to search results&amp;#27;[0m &amp;#27;[90m# StepDefination.StepDef.user_is_navigated_to_search_results()&amp;#27;[0m
</system-out>
  </testcase>
</testsuite>